[ 07.02.2019 - 15:18:55 ]
    (MSG) [2] in SMILExtract : openSMILE starting!
[ 07.02.2019 - 15:18:55 ]
    (MSG) [2] in SMILExtract : config file is: /home/sleek-eagle/research/opensmile-2.3.0/config/IS09_emotion.conf
[ 07.02.2019 - 15:18:55 ]
    (MSG) [2] in cComponentManager : successfully registered 96 component types.
[ 07.02.2019 - 15:18:55 ]
    (MSG) [2] in instance 'lldsink' : No filename given, disabling this sink component.
[ 07.02.2019 - 15:18:55 ]
    (MSG) [2] in instance 'lldhtksink' : No filename given, disabling this sink component.
[ 07.02.2019 - 15:18:55 ]
    (MSG) [2] in instance 'lldarffsink' : No filename given, disabling this sink component.
[ 07.02.2019 - 15:18:55 ]
    (MSG) [2] in instance 'csvsink' : No filename given, disabling this sink component.
[ 07.02.2019 - 15:18:55 ]
    (MSG) [2] in instance 'htksink' : No filename given, disabling this sink component.
[ 07.02.2019 - 15:18:55 ]
    (MSG) [2] in instance 'arffsink' : writing ARFF header (384 features)...
[ 07.02.2019 - 15:18:55 ]
    (MSG) [2] in cComponentManager : successfully finished createInstances
                                 (25 component instances were finalised, 1 data memories were finalised)
[ 07.02.2019 - 15:18:55 ]
    (MSG) [2] in cComponentManager : starting single thread processing loop
[ 07.02.2019 - 15:18:55 ]
    (MSG) [2] in cComponentManager : Processing finished! System ran for 621 ticks.
